[ 25%] Building CXX object CMakeFiles/server.dir/server.cpp.o
In file included from /Users/ata6unal/Desktop/cpp_grpc_hello/server/server.cpp:5:
In file included from /opt/homebrew/include/grpcpp/grpcpp.h:52:
In file included from /opt/homebrew/include/grpcpp/channel.h:23:
In file included from /opt/homebrew/include/grpcpp/completion_queue.h:38:
In file included from /opt/homebrew/include/grpcpp/impl/codegen/rpc_service_method.h:25:
In file included from /opt/homebrew/include/grpcpp/impl/rpc_service_method.h:22:
In file included from /opt/homebrew/include/grpcpp/impl/rpc_method.h:22:
In file included from /opt/homebrew/include/grpcpp/impl/codegen/channel_interface.h:25:
In file included from /opt/homebrew/include/grpcpp/impl/channel_interface.h:23:
/opt/homebrew/include/grpcpp/impl/call.h:36:12: warning: 'final' keyword is a C++11 extension [-Wc++11-extensions]
class Call final {
           ^
/opt/homebrew/include/grpcpp/impl/call.h:88:49: warning: default member initializer for non-static data member is a C++11 extension [-Wc++11-extensions]
  experimental::ClientRpcInfo* client_rpc_info_ = nullptr;
                                                ^
/opt/homebrew/include/grpcpp/impl/call.h:89:49: warning: default member initializer for non-static data member is a C++11 extension [-Wc++11-extensions]
  experimental::ServerRpcInfo* server_rpc_info_ = nullptr;
                                                ^
In file included from /Users/ata6unal/Desktop/cpp_grpc_hello/server/server.cpp:5:
In file included from /opt/homebrew/include/grpcpp/grpcpp.h:52:
In file included from /opt/homebrew/include/grpcpp/channel.h:23:
In file included from /opt/homebrew/include/grpcpp/completion_queue.h:38:
In file included from /opt/homebrew/include/grpcpp/impl/codegen/rpc_service_method.h:25:
In file included from /opt/homebrew/include/grpcpp/impl/rpc_service_method.h:22:
In file included from /opt/homebrew/include/grpcpp/impl/rpc_method.h:22:
In file included from /opt/homebrew/include/grpcpp/impl/codegen/channel_interface.h:25:
In file included from /opt/homebrew/include/grpcpp/impl/channel_interface.h:24:
In file included from /opt/homebrew/include/grpcpp/support/status.h:22:
/opt/homebrew/include/grpcpp/impl/status.h:37:20: warning: use of enumeration in a nested name specifier is a C++11 extension [-Wc++11-extensions]
  Status() : code_(StatusCode::OK) {
                   ^
/opt/homebrew/include/grpcpp/impl/status.h:40:19: warning: use of enumeration in a nested name specifier is a C++11 extension [-Wc++11-extensions]
    static_assert(StatusCode::OK == static_cast<StatusCode>(GRPC_STATUS_OK),
                  ^
/opt/homebrew/include/grpcpp/impl/status.h:43:9: warning: use of enumeration in a nested name specifier is a C++11 extension [-Wc++11-extensions]
        StatusCode::CANCELLED == static_cast<StatusCode>(GRPC_STATUS_CANCELLED),
        ^
/opt/homebrew/include/grpcpp/impl/status.h:46:9: warning: use of enumeration in a nested name specifier is a C++11 extension [-Wc++11-extensions]
        StatusCode::UNKNOWN == static_cast<StatusCode>(GRPC_STATUS_UNKNOWN),
        ^
/opt/homebrew/include/grpcpp/impl/status.h:48:19: warning: use of enumeration in a nested name specifier is a C++11 extension [-Wc++11-extensions]
    static_assert(StatusCode::INVALID_ARGUMENT ==
                  ^
/opt/homebrew/include/grpcpp/impl/status.h:51:19: warning: use of enumeration in a nested name specifier is a C++11 extension [-Wc++11-extensions]
    static_assert(StatusCode::DEADLINE_EXCEEDED ==
                  ^
/opt/homebrew/include/grpcpp/impl/status.h:55:9: warning: use of enumeration in a nested name specifier is a C++11 extension [-Wc++11-extensions]
        StatusCode::NOT_FOUND == static_cast<StatusCode>(GRPC_STATUS_NOT_FOUND),
        ^
/opt/homebrew/include/grpcpp/impl/status.h:57:19: warning: use of enumeration in a nested name specifier is a C++11 extension [-Wc++11-extensions]
    static_assert(StatusCode::ALREADY_EXISTS ==
                  ^
/opt/homebrew/include/grpcpp/impl/status.h:60:19: warning: use of enumeration in a nested name specifier is a C++11 extension [-Wc++11-extensions]
    static_assert(StatusCode::PERMISSION_DENIED ==
                  ^
/opt/homebrew/include/grpcpp/impl/status.h:63:19: warning: use of enumeration in a nested name specifier is a C++11 extension [-Wc++11-extensions]
    static_assert(StatusCode::UNAUTHENTICATED ==
                  ^
/opt/homebrew/include/grpcpp/impl/status.h:66:19: warning: use of enumeration in a nested name specifier is a C++11 extension [-Wc++11-extensions]
    static_assert(StatusCode::RESOURCE_EXHAUSTED ==
                  ^
/opt/homebrew/include/grpcpp/impl/status.h:69:19: warning: use of enumeration in a nested name specifier is a C++11 extension [-Wc++11-extensions]
    static_assert(StatusCode::FAILED_PRECONDITION ==
                  ^
/opt/homebrew/include/grpcpp/impl/status.h:73:9: warning: use of enumeration in a nested name specifier is a C++11 extension [-Wc++11-extensions]
        StatusCode::ABORTED == static_cast<StatusCode>(GRPC_STATUS_ABORTED),
        ^
/opt/homebrew/include/grpcpp/impl/status.h:75:19: warning: use of enumeration in a nested name specifier is a C++11 extension [-Wc++11-extensions]
    static_assert(StatusCode::OUT_OF_RANGE ==
                  ^
/opt/homebrew/include/grpcpp/impl/status.h:78:19: warning: use of enumeration in a nested name specifier is a C++11 extension [-Wc++11-extensions]
    static_assert(StatusCode::UNIMPLEMENTED ==
                  ^
/opt/homebrew/include/grpcpp/impl/status.h:82:9: warning: use of enumeration in a nested name specifier is a C++11 extension [-Wc++11-extensions]
        StatusCode::INTERNAL == static_cast<StatusCode>(GRPC_STATUS_INTERNAL),
        ^
/opt/homebrew/include/grpcpp/impl/status.h:84:19: warning: use of enumeration in a nested name specifier is a C++11 extension [-Wc++11-extensions]
    static_assert(StatusCode::UNAVAILABLE ==
                  ^
/opt/homebrew/include/grpcpp/impl/status.h:88:9: warning: use of enumeration in a nested name specifier is a C++11 extension [-Wc++11-extensions]
        StatusCode::DATA_LOSS == static_cast<StatusCode>(GRPC_STATUS_DATA_LOSS),
        ^
/opt/homebrew/include/grpcpp/impl/status.h:125:37: warning: use of enumeration in a nested name specifier is a C++11 extension [-Wc++11-extensions]
  bool ok() const { return code_ == StatusCode::OK; }
                                    ^
In file included from /Users/ata6unal/Desktop/cpp_grpc_hello/server/server.cpp:5:
In file included from /opt/homebrew/include/grpcpp/grpcpp.h:52:
In file included from /opt/homebrew/include/grpcpp/channel.h:23:
In file included from /opt/homebrew/include/grpcpp/completion_queue.h:38:
In file included from /opt/homebrew/include/grpcpp/impl/codegen/rpc_service_method.h:25:
In file included from /opt/homebrew/include/grpcpp/impl/rpc_service_method.h:22:
In file included from /opt/homebrew/include/grpcpp/impl/rpc_method.h:22:
In file included from /opt/homebrew/include/grpcpp/impl/codegen/channel_interface.h:25:
In file included from /opt/homebrew/include/grpcpp/impl/channel_interface.h:25:
/opt/homebrew/include/grpcpp/support/time.h:46:34: warning: deleted function definitions are a C++11 extension [-Wc++11-extensions]
  TimePoint(const T& /*time*/) = delete;
                                 ^
/opt/homebrew/include/grpcpp/support/time.h:47:29: warning: deleted function definitions are a C++11 extension [-Wc++11-extensions]
  gpr_timespec raw_time() = delete;
                            ^
In file included from /Users/ata6unal/Desktop/cpp_grpc_hello/server/server.cpp:5:
In file included from /opt/homebrew/include/grpcpp/grpcpp.h:52:
In file included from /opt/homebrew/include/grpcpp/channel.h:23:
In file included from /opt/homebrew/include/grpcpp/completion_queue.h:38:
In file included from /opt/homebrew/include/grpcpp/impl/codegen/rpc_service_method.h:25:
In file included from /opt/homebrew/include/grpcpp/impl/rpc_service_method.h:23:
In file included from /opt/homebrew/include/grpcpp/support/byte_buffer.h:26:
In file included from /opt/homebrew/include/grpcpp/support/slice.h:24:
/opt/homebrew/include/grpcpp/support/string_ref.h:114:5: warning: 'auto' type specifier is a C++11 extension [-Wc++11-extensions]
    auto it = std::search(cbegin(), cend(), s.cbegin(), s.cend());
    ^
/opt/homebrew/include/grpcpp/support/string_ref.h:119:5: warning: 'auto' type specifier is a C++11 extension [-Wc++11-extensions]
    auto it = std::find(cbegin(), cend(), c);
    ^
In file included from /Users/ata6unal/Desktop/cpp_grpc_hello/server/server.cpp:5:
In file included from /opt/homebrew/include/grpcpp/grpcpp.h:52:
In file included from /opt/homebrew/include/grpcpp/channel.h:23:
In file included from /opt/homebrew/include/grpcpp/completion_queue.h:38:
In file included from /opt/homebrew/include/grpcpp/impl/codegen/rpc_service_method.h:25:
In file included from /opt/homebrew/include/grpcpp/impl/rpc_service_method.h:23:
In file included from /opt/homebrew/include/grpcpp/support/byte_buffer.h:26:
/opt/homebrew/include/grpcpp/support/slice.h:33:13: warning: 'final' keyword is a C++11 extension [-Wc++11-extensions]
class Slice final {
            ^
/opt/homebrew/include/grpcpp/support/slice.h:72:14: warning: rvalue references are a C++11 extension [-Wc++11-extensions]
  Slice(Slice&& other) noexcept : slice_(other.slice_) {
             ^
/opt/homebrew/include/grpcpp/support/slice.h:72:23: error: expected ';' at end of declaration list
  Slice(Slice&& other) noexcept : slice_(other.slice_) {
                      ^
                      ;
In file included from /Users/ata6unal/Desktop/cpp_grpc_hello/server/server.cpp:5:
In file included from /opt/homebrew/include/grpcpp/grpcpp.h:52:
In file included from /opt/homebrew/include/grpcpp/channel.h:23:
In file included from /opt/homebrew/include/grpcpp/completion_queue.h:38:
In file included from /opt/homebrew/include/grpcpp/impl/codegen/rpc_service_method.h:25:
In file included from /opt/homebrew/include/grpcpp/impl/rpc_service_method.h:23:
/opt/homebrew/include/grpcpp/support/byte_buffer.h:59:18: warning: 'final' keyword is a C++11 extension [-Wc++11-extensions]
class ByteBuffer final {
                 ^
In file included from /Users/ata6unal/Desktop/cpp_grpc_hello/server/server.cpp:5:
In file included from /opt/homebrew/include/grpcpp/grpcpp.h:52:
In file included from /opt/homebrew/include/grpcpp/channel.h:23:
In file included from /opt/homebrew/include/grpcpp/completion_queue.h:38:
In file included from /opt/homebrew/include/grpcpp/impl/codegen/rpc_service_method.h:25:
In file included from /opt/homebrew/include/grpcpp/impl/rpc_service_method.h:33:
In file included from /opt/homebrew/include/absl/log/absl_check.h:38:
In file included from /opt/homebrew/include/absl/log/internal/check_impl.h:18:
In file included from /opt/homebrew/include/absl/base/optimization.h:38:
In file included from /opt/homebrew/include/absl/base/config.h:92:
/opt/homebrew/include/absl/base/policy_checks.h:79:2: error: "C++ versions less than C++14 are not supported."
#error "C++ versions less than C++14 are not supported."
 ^
In file included from /Users/ata6unal/Desktop/cpp_grpc_hello/server/server.cpp:5:
In file included from /opt/homebrew/include/grpcpp/grpcpp.h:52:
In file included from /opt/homebrew/include/grpcpp/channel.h:23:
In file included from /opt/homebrew/include/grpcpp/completion_queue.h:38:
In file included from /opt/homebrew/include/grpcpp/impl/codegen/rpc_service_method.h:25:
In file included from /opt/homebrew/include/grpcpp/impl/rpc_service_method.h:33:
In file included from /opt/homebrew/include/absl/log/absl_check.h:38:
In file included from /opt/homebrew/include/absl/log/internal/check_impl.h:18:
In file included from /opt/homebrew/include/absl/base/optimization.h:38:
/opt/homebrew/include/absl/base/config.h:162:15: error: static_assert expression is not an integral constant expression
static_assert(ABSL_INTERNAL_INLINE_NAMESPACE_STR[0] != '\0',
~~~~~~~~~~~~~~^~~~~~~~~~~~~~~~~~~~~~~~~~~~~~~~~~~~~~~~~~~~~~
/opt/homebrew/include/absl/base/config.h:160:3: note: expanded from macro 'ABSL_INTERNAL_INLINE_NAMESPACE_STR'
  ABSL_INTERNAL_TOKEN_STR(ABSL_OPTION_INLINE_NAMESPACE_NAME)
  ^
/opt/homebrew/include/absl/base/config.h:125:36: note: expanded from macro 'ABSL_INTERNAL_TOKEN_STR'
#define ABSL_INTERNAL_TOKEN_STR(x) ABSL_INTERNAL_DO_TOKEN_STR(x)
                                   ^
/opt/homebrew/include/absl/base/config.h:124:39: note: expanded from macro 'ABSL_INTERNAL_DO_TOKEN_STR'
#define ABSL_INTERNAL_DO_TOKEN_STR(x) #x
                                      ^
<scratch space>:150:1: note: expanded from here
"lts_20240722"
^
/Library/Developer/CommandLineTools/SDKs/MacOSX.sdk/usr/include/c++/v1/__config:721:47: note: expanded from macro 'static_assert'
#    define static_assert(...) _Static_assert(__VA_ARGS__)
                                              ^~~~~~~~~~~
In file included from /Users/ata6unal/Desktop/cpp_grpc_hello/server/server.cpp:5:
In file included from /opt/homebrew/include/grpcpp/grpcpp.h:52:
In file included from /opt/homebrew/include/grpcpp/channel.h:23:
In file included from /opt/homebrew/include/grpcpp/completion_queue.h:38:
In file included from /opt/homebrew/include/grpcpp/impl/codegen/rpc_service_method.h:25:
In file included from /opt/homebrew/include/grpcpp/impl/rpc_service_method.h:33:
In file included from /opt/homebrew/include/absl/log/absl_check.h:38:
In file included from /opt/homebrew/include/absl/log/internal/check_impl.h:18:
In file included from /opt/homebrew/include/absl/base/optimization.h:38:
/opt/homebrew/include/absl/base/config.h:165:15: error: static_assert expression is not an integral constant expression
static_assert(ABSL_INTERNAL_INLINE_NAMESPACE_STR[0] != 'h' ||
~~~~~~~~~~~~~~^~~~~~~~~~~~~~~~~~~~~~~~~~~~~~~~~~~~~~~~~~~~~~~
/opt/homebrew/include/absl/base/config.h:160:3: note: expanded from macro 'ABSL_INTERNAL_INLINE_NAMESPACE_STR'
  ABSL_INTERNAL_TOKEN_STR(ABSL_OPTION_INLINE_NAMESPACE_NAME)
  ^
/opt/homebrew/include/absl/base/config.h:125:36: note: expanded from macro 'ABSL_INTERNAL_TOKEN_STR'
#define ABSL_INTERNAL_TOKEN_STR(x) ABSL_INTERNAL_DO_TOKEN_STR(x)
                                   ^
/opt/homebrew/include/absl/base/config.h:124:39: note: expanded from macro 'ABSL_INTERNAL_DO_TOKEN_STR'
#define ABSL_INTERNAL_DO_TOKEN_STR(x) #x
                                      ^
<scratch space>:151:1: note: expanded from here
"lts_20240722"
^
/Library/Developer/CommandLineTools/SDKs/MacOSX.sdk/usr/include/c++/v1/__config:721:47: note: expanded from macro 'static_assert'
#    define static_assert(...) _Static_assert(__VA_ARGS__)
                                              ^~~~~~~~~~~
In file included from /Users/ata6unal/Desktop/cpp_grpc_hello/server/server.cpp:5:
In file included from /opt/homebrew/include/grpcpp/grpcpp.h:52:
In file included from /opt/homebrew/include/grpcpp/channel.h:23:
In file included from /opt/homebrew/include/grpcpp/completion_queue.h:38:
In file included from /opt/homebrew/include/grpcpp/impl/codegen/rpc_service_method.h:25:
In file included from /opt/homebrew/include/grpcpp/impl/rpc_service_method.h:33:
In file included from /opt/homebrew/include/absl/log/absl_check.h:38:
In file included from /opt/homebrew/include/absl/log/internal/check_impl.h:19:
In file included from /opt/homebrew/include/absl/log/internal/check_op.h:37:
/opt/homebrew/include/absl/log/internal/nullguard.h:34:1: warning: inline namespaces are a C++11 feature [-Wc++11-inline-namespace]
ABSL_NAMESPACE_BEGIN
^
/opt/homebrew/include/absl/base/config.h:181:3: note: expanded from macro 'ABSL_NAMESPACE_BEGIN'
  inline namespace ABSL_OPTION_INLINE_NAMESPACE_NAME {
  ^
In file included from /Users/ata6unal/Desktop/cpp_grpc_hello/server/server.cpp:5:
In file included from /opt/homebrew/include/grpcpp/grpcpp.h:52:
In file included from /opt/homebrew/include/grpcpp/channel.h:23:
In file included from /opt/homebrew/include/grpcpp/completion_queue.h:38:
In file included from /opt/homebrew/include/grpcpp/impl/codegen/rpc_service_method.h:25:
In file included from /opt/homebrew/include/grpcpp/impl/rpc_service_method.h:33:
In file included from /opt/homebrew/include/absl/log/absl_check.h:38:
In file included from /opt/homebrew/include/absl/log/internal/check_impl.h:19:
In file included from /opt/homebrew/include/absl/log/internal/check_op.h:37:
/opt/homebrew/include/absl/log/internal/nullguard.h:44:18: warning: 'final' keyword is a C++11 extension [-Wc++11-extensions]
struct NullGuard final {
                 ^
/opt/homebrew/include/absl/log/internal/nullguard.h:48:25: warning: 'final' keyword is a C++11 extension [-Wc++11-extensions]
struct NullGuard<char*> final {
                        ^
/opt/homebrew/include/absl/log/internal/nullguard.h:52:31: warning: 'final' keyword is a C++11 extension [-Wc++11-extensions]
struct NullGuard<const char*> final {
                              ^
/opt/homebrew/include/absl/log/internal/nullguard.h:56:32: warning: 'final' keyword is a C++11 extension [-Wc++11-extensions]
struct NullGuard<signed char*> final {
                               ^
/opt/homebrew/include/absl/log/internal/nullguard.h:62:38: warning: 'final' keyword is a C++11 extension [-Wc++11-extensions]
struct NullGuard<const signed char*> final {
                                     ^
/opt/homebrew/include/absl/log/internal/nullguard.h:68:34: warning: 'final' keyword is a C++11 extension [-Wc++11-extensions]
struct NullGuard<unsigned char*> final {
                                 ^
/opt/homebrew/include/absl/log/internal/nullguard.h:74:40: warning: 'final' keyword is a C++11 extension [-Wc++11-extensions]
struct NullGuard<const unsigned char*> final {
                                       ^
/opt/homebrew/include/absl/log/internal/nullguard.h:80:34: warning: 'final' keyword is a C++11 extension [-Wc++11-extensions]
struct NullGuard<std::nullptr_t> final {
                                 ^
In file included from /Users/ata6unal/Desktop/cpp_grpc_hello/server/server.cpp:5:
In file included from /opt/homebrew/include/grpcpp/grpcpp.h:52:
In file included from /opt/homebrew/include/grpcpp/channel.h:23:
In file included from /opt/homebrew/include/grpcpp/completion_queue.h:38:
In file included from /opt/homebrew/include/grpcpp/impl/codegen/rpc_service_method.h:25:
In file included from /opt/homebrew/include/grpcpp/impl/rpc_service_method.h:33:
In file included from /opt/homebrew/include/absl/log/absl_check.h:38:
In file included from /opt/homebrew/include/absl/log/internal/check_impl.h:19:
In file included from /opt/homebrew/include/absl/log/internal/check_op.h:38:
In file included from /opt/homebrew/include/absl/log/internal/nullstream.h:36:
/opt/homebrew/include/absl/base/log_severity.h:25:1: warning: inline namespaces are a C++11 feature [-Wc++11-inline-namespace]
ABSL_NAMESPACE_BEGIN
^
/opt/homebrew/include/absl/base/config.h:181:3: note: expanded from macro 'ABSL_NAMESPACE_BEGIN'
  inline namespace ABSL_OPTION_INLINE_NAMESPACE_NAME {
  ^
In file included from /Users/ata6unal/Desktop/cpp_grpc_hello/server/server.cpp:5:
In file included from /opt/homebrew/include/grpcpp/grpcpp.h:52:
In file included from /opt/homebrew/include/grpcpp/channel.h:23:
In file included from /opt/homebrew/include/grpcpp/completion_queue.h:38:
In file included from /opt/homebrew/include/grpcpp/impl/codegen/rpc_service_method.h:25:
In file included from /opt/homebrew/include/grpcpp/impl/rpc_service_method.h:33:
In file included from /opt/homebrew/include/absl/log/absl_check.h:38:
In file included from /opt/homebrew/include/absl/log/internal/check_impl.h:19:
In file included from /opt/homebrew/include/absl/log/internal/check_op.h:38:
In file included from /opt/homebrew/include/absl/log/internal/nullstream.h:36:
/opt/homebrew/include/absl/base/log_severity.h:71:6: warning: scoped enumerations are a C++11 extension [-Wc++11-extensions]
enum class LogSeverity : int {
     ^
/opt/homebrew/include/absl/base/log_severity.h:82:1: error: unknown type name 'constexpr'
constexpr std::array<absl::LogSeverity, 4> LogSeverities() {
^
/opt/homebrew/include/absl/base/log_severity.h:82:16: error: template specialization requires 'template<>'
constexpr std::array<absl::LogSeverity, 4> LogSeverities() {
               ^    ~~~~~~~~~~~~~~~~~~~~~~
template<> 
/opt/homebrew/include/absl/base/log_severity.h:82:16: error: no variable template matches specialization
/opt/homebrew/include/absl/base/log_severity.h:82:43: error: expected ';' after top level declarator
constexpr std::array<absl::LogSeverity, 4> LogSeverities() {
                                          ^
                                          ;
/opt/homebrew/include/absl/base/log_severity.h:101:1: error: unknown type name 'constexpr'
constexpr const char* LogSeverityName(absl::LogSeverity s) {
^
/opt/homebrew/include/absl/base/log_severity.h:103:16: warning: use of enumeration in a nested name specifier is a C++11 extension [-Wc++11-extensions]
    case absl::LogSeverity::kInfo: return "INFO";
               ^
/opt/homebrew/include/absl/base/log_severity.h:103:10: error: integral constant expression must have integral or unscoped enumeration type, not 'absl::LogSeverity'
    case absl::LogSeverity::kInfo: return "INFO";
         ^~~~~~~~~~~~~~~~~~~~~~~~
/opt/homebrew/include/absl/base/log_severity.h:103:43: error: cannot initialize return object of type 'const int *' with an lvalue of type 'const char[5]'
    case absl::LogSeverity::kInfo: return "INFO";
                                          ^~~~~~
/opt/homebrew/include/absl/base/log_severity.h:104:16: warning: use of enumeration in a nested name specifier is a C++11 extension [-Wc++11-extensions]
    case absl::LogSeverity::kWarning: return "WARNING";
               ^
/opt/homebrew/include/absl/base/log_severity.h:104:10: error: integral constant expression must have integral or unscoped enumeration type, not 'absl::LogSeverity'
    case absl::LogSeverity::kWarning: return "WARNING";
         ^~~~~~~~~~~~~~~~~~~~~~~~~~~
/opt/homebrew/include/absl/base/log_severity.h:104:46: error: cannot initialize return object of type 'const int *' with an lvalue of type 'const char[8]'
    case absl::LogSeverity::kWarning: return "WARNING";
                                             ^~~~~~~~~
/opt/homebrew/include/absl/base/log_severity.h:105:16: warning: use of enumeration in a nested name specifier is a C++11 extension [-Wc++11-extensions]
    case absl::LogSeverity::kError: return "ERROR";
               ^
/opt/homebrew/include/absl/base/log_severity.h:105:10: error: integral constant expression must have integral or unscoped enumeration type, not 'absl::LogSeverity'
    case absl::LogSeverity::kError: return "ERROR";
         ^~~~~~~~~~~~~~~~~~~~~~~~~
/opt/homebrew/include/absl/base/log_severity.h:105:44: error: cannot initialize return object of type 'const int *' with an lvalue of type 'const char[6]'
    case absl::LogSeverity::kError: return "ERROR";
                                           ^~~~~~~
/opt/homebrew/include/absl/base/log_severity.h:106:16: warning: use of enumeration in a nested name specifier is a C++11 extension [-Wc++11-extensions]
    case absl::LogSeverity::kFatal: return "FATAL";
               ^
/opt/homebrew/include/absl/base/log_severity.h:106:10: error: integral constant expression must have integral or unscoped enumeration type, not 'absl::LogSeverity'
    case absl::LogSeverity::kFatal: return "FATAL";
         ^~~~~~~~~~~~~~~~~~~~~~~~~
/opt/homebrew/include/absl/base/log_severity.h:106:44: error: cannot initialize return object of type 'const int *' with an lvalue of type 'const char[6]'
    case absl::LogSeverity::kFatal: return "FATAL";
                                           ^~~~~~~
/opt/homebrew/include/absl/base/log_severity.h:108:10: error: cannot initialize return object of type 'const int *' with an lvalue of type 'const char[8]'
  return "UNKNOWN";
         ^~~~~~~~~
/opt/homebrew/include/absl/base/log_severity.h:115:1: error: unknown type name 'constexpr'
constexpr absl::LogSeverity NormalizeLogSeverity(absl::LogSeverity s) {
^
fatal error: too many errors emitted, stopping now [-ferror-limit=]
44 warnings and 20 errors generated.
make[3]: *** [CMakeFiles/server.dir/server.cpp.o] Error 1
make[2]: *** [CMakeFiles/server.dir/all] Error 2
make[1]: *** [CMakeFiles/server.dir/rule] Error 2
make: *** [server] Error 2
